#
# A fatal error has been detected by the Java Runtime Environment:
#
#  SIGSEGV (0xb) at pc=0x0000000102446914, pid=17036, tid=16643
#
# JRE version: Java(TM) SE Runtime Environment (8.0_60-b27) (build 1.8.0_60-b27)
# Java VM: Java HotSpot(TM) 64-Bit Server VM (25.60-b23 mixed mode bsd-amd64 compressed oops)
# Problematic frame:
# V  [libjvm.dylib+0x446914]  Method::checked_resolve_jmethod_id(_jmethodID*)+0xe
#
# Failed to write core dump. Core dumps have been disabled. To enable core dumping, try "ulimit -c unlimited" before starting Java again
#
# If you would like to submit a bug report, please visit:
#   http://bugreport.java.com/bugreport/crash.jsp
#

---------------  T H R E A D  ---------------

Current thread (0x00007f9802821800):  JavaThread "JDWP Transport Listener: dt_socket" daemon [_thread_in_vm, id=16643, stack(0x000000011ab98000,0x000000011ac98000)]

siginfo: si_signo: 11 (SIGSEGV), si_code: 0 (unknown), si_addr: 0x0000000000000000

Registers:
RAX=0x0000000000000001, RBX=0x000000011ac97a8b, RCX=0x0000000102815310, RDX=0x000000011ac97a8b
RSP=0x000000011ac979d0, RBP=0x000000011ac979e0, RSI=0x00007f9802821800, RDI=0x2f62696c6d6f7473
R8 =0x0000000000000000, R9 =0x00007f9802700000, R10=0x0000000000000010, R11=0x00007f9802700000
R12=0x00007f9802821800, R13=0x2f62696c6d6f7473, R14=0x2f62696c6d6f7473, R15=0x00007f9802403420
RIP=0x0000000102446914, EFLAGS=0x0000000000010202, ERR=0x0000000000000000
  TRAPNO=0x000000000000000d

Top of Stack: (sp=0x000000011ac979d0)
0x000000011ac979d0:   000000011ac97a8b 000000011ac97a8b
0x000000011ac979e0:   000000011ac97a40 0000000102355a0e
0x000000011ac979f0:   00007f9802821800 0000000000000000
0x000000011ac97a00:   0000000000000000 0000000000000000
0x000000011ac97a10:   00007f9802821800 00007f9802821800
0x000000011ac97a20:   000000011ac97a8b 000000011ac97a90
0x000000011ac97a30:   2f62696c6d6f7473 0000000000000003
0x000000011ac97a40:   000000011ac97a60 00000001030e1780
0x000000011ac97a50:   0000000000000001 000000011ac97b08
0x000000011ac97a60:   000000011ac97ad0 00000001030c61f3
0x000000011ac97a70:   000000011ac97aa0 00007f9802725660
0x000000011ac97a80:   0000000500000032 0000000a00c97b08
0x000000011ac97a90:   0000000000000000 0000000000000000
0x000000011ac97aa0:   0000000000000000 000000011ac97c90
0x000000011ac97ab0:   00000001030e8e7a 00007f9802737dd0
0x000000011ac97ac0:   000000011ac97b08 00000001030f4598
0x000000011ac97ad0:   000000011ac97ae0 00000001030c62ec
0x000000011ac97ae0:   000000011ac97d00 00000001030cf898
0x000000011ac97af0:   000010b500000013 00000000000f0200
0x000000011ac97b00:   00007f9802737190 000000011ac97c11
0x000000011ac97b10:   00007f9800000073 000000011ac97b20
0x000000011ac97b20:   00007f98000000b9 000000011ac97b58
0x000000011ac97b30:   0000000000000000 0000000000000000
0x000000011ac97b40:   000010b50000000f 00007fff00003f80
0x000000011ac97b50:   000000011ac97b58 987f000005000000
0x000000011ac97b60:   06000000586e7302 00003e74696e693c
0x000000011ac97b70:   0000005629280300 7f00000100000000
0x000000011ac97b80:   000000806e730298 78614d646e696607
0x000000011ac97b90:   75634c282a000000 2f62696c6d6f7473
0x000000011ac97ba0:   65646f4e65657254 6f747375634c293b
0x000000011ac97bb0:   6572542f62696c6d 00003b65646f4e65
0x000000011ac97bc0:   00000a0000000000 000070386202987f 

Instructions: (pc=0x0000000102446914)
0x00000001024468f4:   40 48 48 85 c0 75 e0 30 c0 0f b6 c0 5d c3 31 c0
0x0000000102446904:   5d c3 55 48 89 e5 53 48 83 ec 08 48 85 ff 74 24
0x0000000102446914:   48 8b 1f 48 85 db 74 1c 48 83 fb 37 74 16 48 8b
0x0000000102446924:   03 48 89 df ff 50 10 84 c0 b8 00 00 00 00 48 0f 

Register to memory mapping:

RAX=0x0000000000000001 is an unknown value
RBX=0x000000011ac97a8b is pointing into the stack for thread: 0x00007f9802821800
RCX=0x0000000102815310: UseMembar+0 in /Library/Java/JavaVirtualMachines/jdk1.8.0_60.jdk/Contents/Home/jre/lib/server/libjvm.dylib at 0x0000000102000000
RDX=0x000000011ac97a8b is pointing into the stack for thread: 0x00007f9802821800
RSP=0x000000011ac979d0 is pointing into the stack for thread: 0x00007f9802821800
RBP=0x000000011ac979e0 is pointing into the stack for thread: 0x00007f9802821800
RSI=0x00007f9802821800 is a thread
RDI=0x2f62696c6d6f7473 is an unknown value
R8 =0x0000000000000000 is an unknown value
R9 =0x00007f9802700000 is an unknown value
R10=0x0000000000000010 is an unknown value
R11=0x00007f9802700000 is an unknown value
R12=0x00007f9802821800 is a thread
R13=0x2f62696c6d6f7473 is an unknown value
R14=0x2f62696c6d6f7473 is an unknown value
R15=0x00007f9802403420 is an unknown value


Stack: [0x000000011ab98000,0x000000011ac98000],  sp=0x000000011ac979d0,  free space=1022k
Native frames: (J=compiled Java code, j=interpreted, Vv=VM code, C=native code)
V  [libjvm.dylib+0x446914]  Method::checked_resolve_jmethod_id(_jmethodID*)+0xe
V  [libjvm.dylib+0x355a0e]  jvmti_IsMethodSynthetic+0xb2
C  [libjdwp.dylib+0x20780]  isMethodSynthetic+0x63
C  [libjdwp.dylib+0x51f3]  methods1+0x10b
C  [libjdwp.dylib+0x52ec]  methodsWithGeneric+0xe
C  [libjdwp.dylib+0xe898]  debugLoop_run+0x1ce
C  [libjdwp.dylib+0x1f6ba]  attachThread+0x4d
V  [libjvm.dylib+0x396d6c]  JvmtiAgentThread::call_start_function()+0x38
V  [libjvm.dylib+0x5612d3]  JavaThread::thread_main_inner()+0x9b
V  [libjvm.dylib+0x5629ce]  JavaThread::run()+0x1c2
V  [libjvm.dylib+0x48343a]  java_start(Thread*)+0xf6
C  [libsystem_pthread.dylib+0x3268]  _pthread_body+0x83
C  [libsystem_pthread.dylib+0x31e5]  _pthread_body+0x0
C  [libsystem_pthread.dylib+0x141d]  thread_start+0xd
C  0x0000000000000000


---------------  P R O C E S S  ---------------

Java Threads: ( => current thread )
  0x00007f9803005800 JavaThread "Service Thread" daemon [_thread_blocked, id=19715, stack(0x000000011b1aa000,0x000000011b2aa000)]
  0x00007f9802879000 JavaThread "C1 CompilerThread2" daemon [_thread_blocked, id=19203, stack(0x000000011b0a7000,0x000000011b1a7000)]
  0x00007f9802878800 JavaThread "C2 CompilerThread1" daemon [_thread_blocked, id=18691, stack(0x000000011afa4000,0x000000011b0a4000)]
  0x00007f980403e800 JavaThread "C2 CompilerThread0" daemon [_thread_blocked, id=18179, stack(0x000000011aea1000,0x000000011afa1000)]
  0x00007f9803014000 JavaThread "JDWP Command Reader" daemon [_thread_in_native, id=17667, stack(0x000000011ad9e000,0x000000011ae9e000)]
  0x00007f980282a800 JavaThread "JDWP Event Helper Thread" daemon [_thread_blocked, id=17155, stack(0x000000011ac9b000,0x000000011ad9b000)]
=>0x00007f9802821800 JavaThread "JDWP Transport Listener: dt_socket" daemon [_thread_in_vm, id=16643, stack(0x000000011ab98000,0x000000011ac98000)]
  0x00007f980403a000 JavaThread "Signal Dispatcher" daemon [_thread_blocked, id=16395, stack(0x000000011aa8e000,0x000000011ab8e000)]
  0x00007f980281f000 JavaThread "Finalizer" daemon [_thread_blocked, id=11523, stack(0x0000000119081000,0x0000000119181000)]
  0x00007f9804038800 JavaThread "Reference Handler" daemon [_thread_blocked, id=11011, stack(0x0000000118f7e000,0x000000011907e000)]
  0x00007f9804004000 JavaThread "main" [_thread_blocked, id=4867, stack(0x0000000102f8a000,0x000000010308a000)]

Other Threads:
  0x00007f9803010800 VMThread [stack: 0x0000000118e7b000,0x0000000118f7b000] [id=10499]
  0x00007f9802822800 WatcherThread [stack: 0x000000011b2ad000,0x000000011b3ad000] [id=20227]

VM state:not at safepoint (normal execution)

VM Mutex/Monitor currently owned by a thread: None

Heap:
 PSYoungGen      total 38400K, used 3336K [0x0000000795580000, 0x0000000798000000, 0x00000007c0000000)
  eden space 33280K, 10% used [0x0000000795580000,0x00000007958c20e0,0x0000000797600000)
  from space 5120K, 0% used [0x0000000797b00000,0x0000000797b00000,0x0000000798000000)
  to   space 5120K, 0% used [0x0000000797600000,0x0000000797600000,0x0000000797b00000)
 ParOldGen       total 87552K, used 0K [0x0000000740000000, 0x0000000745580000, 0x0000000795580000)
  object space 87552K, 0% used [0x0000000740000000,0x0000000740000000,0x0000000745580000)
 Metaspace       used 2700K, capacity 4496K, committed 4864K, reserved 1056768K
  class space    used 290K, capacity 388K, committed 512K, reserved 1048576K

Card table byte_map: [0x00000001124cc000,0x00000001128cd000] byte_map_base: 0x000000010eacc000

Marking Bits: (ParMarkBitMap*) 0x00000001028dee20
 Begin Bits: [0x0000000112f84000, 0x0000000114f84000)
 End Bits:   [0x0000000114f84000, 0x0000000116f84000)

Polling page: 0x00000001017cd000

CodeCache: size=245760Kb used=1158Kb max_used=1158Kb free=244601Kb
 bounds [0x000000010310c000, 0x000000010337c000, 0x000000011210c000]
 total_blobs=286 nmethods=63 adapters=145
 compilation: enabled

Compilation events (10 events):
Event: 0.856 Thread 0x00007f9802879000   59       3       java.lang.String::hashCode (55 bytes)
Event: 0.857 Thread 0x00007f9802879000 nmethod 59 0x000000010322c5d0 code [0x000000010322c740, 0x000000010322c9d0]
Event: 0.857 Thread 0x00007f9802879000   60       1       java.net.URL::getRef (5 bytes)
Event: 0.857 Thread 0x00007f9802879000 nmethod 60 0x0000000103229310 code [0x0000000103229460, 0x0000000103229570]
Event: 0.861 Thread 0x00007f9802879000   61       1       java.net.URL::getHost (5 bytes)
Event: 0.861 Thread 0x00007f9802879000 nmethod 61 0x000000010322cad0 code [0x000000010322cc20, 0x000000010322cd30]
Event: 0.861 Thread 0x00007f9802879000   62       1       java.net.URL::getQuery (5 bytes)
Event: 0.861 Thread 0x00007f9802879000 nmethod 62 0x000000010322cd90 code [0x000000010322cee0, 0x000000010322cff0]
Event: 0.862 Thread 0x00007f9802879000   63       3       java.lang.String::indexOf (166 bytes)
Event: 0.862 Thread 0x00007f9802879000 nmethod 63 0x000000010322d050 code [0x000000010322d200, 0x000000010322d850]

GC Heap History (0 events):
No events

Deoptimization events (1 events):
Event: 0.852 Thread 0x00007f9804004000 Uncommon trap: reason=unstable_if action=reinterpret pc=0x000000010322c48c method=java.lang.String.hashCode()I @ 14

Internal exceptions (10 events):
Event: 0.734 Thread 0x00007f9804004000 Exception <a 'java/security/PrivilegedActionException'> (0x000000079582cbb0) thrown at [/Users/java_re/workspace/8-2-build-macosx-x86_64/jdk8u60/4407/hotspot/src/share/vm/prims/jvm.cpp, line 1386]
Event: 0.735 Thread 0x00007f9804004000 Exception <a 'java/util/zip/ZipException'> (0x000000079582d930) thrown at [/Users/java_re/workspace/8-2-build-macosx-x86_64/jdk8u60/4407/hotspot/src/share/vm/prims/jni.cpp, line 709]
Event: 0.735 Thread 0x00007f9804004000 Exception <a 'java/security/PrivilegedActionException'> (0x000000079582db38) thrown at [/Users/java_re/workspace/8-2-build-macosx-x86_64/jdk8u60/4407/hotspot/src/share/vm/prims/jvm.cpp, line 1386]
Event: 0.735 Thread 0x00007f9804004000 Exception <a 'java/security/PrivilegedActionException'> (0x000000079582dd48) thrown at [/Users/java_re/workspace/8-2-build-macosx-x86_64/jdk8u60/4407/hotspot/src/share/vm/prims/jvm.cpp, line 1386]
Event: 0.763 Thread 0x00007f9804004000 Exception <a 'java/util/zip/ZipException'> (0x000000079582eac8) thrown at [/Users/java_re/workspace/8-2-build-macosx-x86_64/jdk8u60/4407/hotspot/src/share/vm/prims/jni.cpp, line 709]
Event: 0.763 Thread 0x00007f9804004000 Exception <a 'java/security/PrivilegedActionException'> (0x000000079582ecd0) thrown at [/Users/java_re/workspace/8-2-build-macosx-x86_64/jdk8u60/4407/hotspot/src/share/vm/prims/jvm.cpp, line 1386]
Event: 0.763 Thread 0x00007f9804004000 Exception <a 'java/security/PrivilegedActionException'> (0x000000079582eee0) thrown at [/Users/java_re/workspace/8-2-build-macosx-x86_64/jdk8u60/4407/hotspot/src/share/vm/prims/jvm.cpp, line 1386]
Event: 0.790 Thread 0x00007f9804004000 Exception <a 'java/util/zip/ZipException'> (0x0000000795840778) thrown at [/Users/java_re/workspace/8-2-build-macosx-x86_64/jdk8u60/4407/hotspot/src/share/vm/prims/jni.cpp, line 709]
Event: 0.790 Thread 0x00007f9804004000 Exception <a 'java/security/PrivilegedActionException'> (0x0000000795840980) thrown at [/Users/java_re/workspace/8-2-build-macosx-x86_64/jdk8u60/4407/hotspot/src/share/vm/prims/jvm.cpp, line 1386]
Event: 0.790 Thread 0x00007f9804004000 Exception <a 'java/security/PrivilegedActionException'> (0x0000000795840b90) thrown at [/Users/java_re/workspace/8-2-build-macosx-x86_64/jdk8u60/4407/hotspot/src/share/vm/prims/jvm.cpp, line 1386]

Events (10 events):
Event: 5317.552 Executing VM operation: ChangeBreakpoints
Event: 5317.552 Executing VM operation: ChangeBreakpoints done
Event: 5344.275 Executing VM operation: ChangeBreakpoints
Event: 5344.275 Executing VM operation: ChangeBreakpoints done
Event: 17558.757 Executing VM operation: ChangeBreakpoints
Event: 17558.757 Executing VM operation: ChangeBreakpoints done
Event: 17558.758 Executing VM operation: ChangeBreakpoints
Event: 17558.758 Executing VM operation: ChangeBreakpoints done
Event: 17558.820 Executing VM operation: RedefineClasses
Event: 17558.825 Executing VM operation: RedefineClasses done


Dynamic libraries:
0x0000000003c04000 	/System/Library/Frameworks/Cocoa.framework/Versions/A/Cocoa
0x0000000003c04000 	/System/Library/Frameworks/Security.framework/Versions/A/Security
0x0000000003c04000 	/System/Library/Frameworks/ApplicationServices.framework/Versions/A/ApplicationServices
0x0000000003c04000 	/usr/lib/libz.1.dylib
0x0000000003c04000 	/usr/lib/libSystem.B.dylib
0x0000000003c04000 	/usr/lib/libobjc.A.dylib
0x0000000003c04000 	/System/Library/Frameworks/CoreFoundation.framework/Versions/A/CoreFoundation
0x0000000003c04000 	/System/Library/Frameworks/Foundation.framework/Versions/C/Foundation
0x0000000003c04000 	/System/Library/Frameworks/AppKit.framework/Versions/C/AppKit
0x0000000003c04000 	/System/Library/Frameworks/CoreData.framework/Versions/A/CoreData
0x0000000003c04000 	/System/Library/PrivateFrameworks/RemoteViewServices.framework/Versions/A/RemoteViewServices
0x0000000003c04000 	/System/Library/PrivateFrameworks/UIFoundation.framework/Versions/A/UIFoundation
0x0000000003c04000 	/System/Library/Frameworks/IOSurface.framework/Versions/A/IOSurface
0x0000000003c04000 	/System/Library/Frameworks/AudioToolbox.framework/Versions/A/AudioToolbox
0x0000000003c04000 	/System/Library/Frameworks/AudioUnit.framework/Versions/A/AudioUnit
0x0000000003c04000 	/System/Library/PrivateFrameworks/DataDetectorsCore.framework/Versions/A/DataDetectorsCore
0x0000000003c04000 	/System/Library/PrivateFrameworks/DesktopServicesPriv.framework/Versions/A/DesktopServicesPriv
0x0000000003c04000 	/System/Library/Frameworks/Carbon.framework/Versions/A/Frameworks/HIToolbox.framework/Versions/A/HIToolbox
0x0000000003c04000 	/System/Library/Frameworks/QuartzCore.framework/Versions/A/QuartzCore
0x0000000003c04000 	/System/Library/Frameworks/Carbon.framework/Versions/A/Frameworks/SpeechRecognition.framework/Versions/A/SpeechRecognition
0x0000000003c04000 	/usr/lib/libauto.dylib
0x0000000003c04000 	/usr/lib/libicucore.A.dylib
0x0000000003c04000 	/usr/lib/libxml2.2.dylib
0x0000000003c04000 	/System/Library/PrivateFrameworks/CoreUI.framework/Versions/A/CoreUI
0x0000000003c04000 	/System/Library/Frameworks/CoreAudio.framework/Versions/A/CoreAudio
0x0000000003c04000 	/System/Library/Frameworks/DiskArbitration.framework/Versions/A/DiskArbitration
0x0000000003c04000 	/usr/lib/liblangid.dylib
0x0000000003c04000 	/System/Library/PrivateFrameworks/MultitouchSupport.framework/Versions/A/MultitouchSupport
0x0000000003c04000 	/System/Library/Frameworks/IOKit.framework/Versions/A/IOKit
0x0000000003c04000 	/usr/lib/libDiagnosticMessagesClient.dylib
0x0000000003c04000 	/System/Library/Frameworks/CoreServices.framework/Versions/A/CoreServices
0x0000000003c04000 	/System/Library/PrivateFrameworks/PerformanceAnalysis.framework/Versions/A/PerformanceAnalysis
0x0000000003c04000 	/System/Library/PrivateFrameworks/GenerationalStorage.framework/Versions/A/GenerationalStorage
0x0000000003c04000 	/System/Library/Frameworks/OpenGL.framework/Versions/A/OpenGL
0x0000000003c04000 	/System/Library/PrivateFrameworks/Sharing.framework/Versions/A/Sharing
0x0000000003c04000 	/System/Library/Frameworks/CoreGraphics.framework/Versions/A/CoreGraphics
0x0000000003c04000 	/System/Library/Frameworks/CoreText.framework/Versions/A/CoreText
0x0000000003c04000 	/System/Library/Frameworks/ImageIO.framework/Versions/A/ImageIO
0x0000000003c04000 	/usr/lib/libextension.dylib
0x0000000003c04000 	/System/Library/PrivateFrameworks/Backup.framework/Versions/A/Backup
0x0000000003c04000 	/usr/lib/libarchive.2.dylib
0x0000000003c04000 	/System/Library/Frameworks/CFNetwork.framework/Versions/A/CFNetwork
0x0000000003c04000 	/System/Library/Frameworks/SystemConfiguration.framework/Versions/A/SystemConfiguration
0x0000000003c04000 	/usr/lib/libCRFSuite.dylib
0x0000000003c04000 	/usr/lib/libc++.1.dylib
0x0000000003c04000 	/usr/lib/libc++abi.dylib
0x0000000003c04000 	/usr/lib/system/libcache.dylib
0x0000000003c04000 	/usr/lib/system/libcommonCrypto.dylib
0x0000000003c04000 	/usr/lib/system/libcompiler_rt.dylib
0x0000000003c04000 	/usr/lib/system/libcopyfile.dylib
0x0000000003c04000 	/usr/lib/system/libcorecrypto.dylib
0x0000000003c04000 	/usr/lib/system/libdispatch.dylib
0x0000000003c04000 	/usr/lib/system/libdyld.dylib
0x0000000003c04000 	/usr/lib/system/libkeymgr.dylib
0x0000000003c04000 	/usr/lib/system/liblaunch.dylib
0x0000000003c04000 	/usr/lib/system/libmacho.dylib
0x0000000003c04000 	/usr/lib/system/libquarantine.dylib
0x0000000003c04000 	/usr/lib/system/libremovefile.dylib
0x0000000003c04000 	/usr/lib/system/libsystem_asl.dylib
0x0000000003c04000 	/usr/lib/system/libsystem_blocks.dylib
0x0000000003c04000 	/usr/lib/system/libsystem_c.dylib
0x0000000003c04000 	/usr/lib/system/libsystem_configuration.dylib
0x0000000003c04000 	/usr/lib/system/libsystem_coreservices.dylib
0x0000000003c04000 	/usr/lib/system/libsystem_coretls.dylib
0x0000000003c04000 	/usr/lib/system/libsystem_dnssd.dylib
0x0000000003c04000 	/usr/lib/system/libsystem_info.dylib
0x0000000003c04000 	/usr/lib/system/libsystem_kernel.dylib
0x0000000003c04000 	/usr/lib/system/libsystem_m.dylib
0x0000000003c04000 	/usr/lib/system/libsystem_malloc.dylib
0x0000000003c04000 	/usr/lib/system/libsystem_network.dylib
0x0000000003c04000 	/usr/lib/system/libsystem_networkextension.dylib
0x0000000003c04000 	/usr/lib/system/libsystem_notify.dylib
0x0000000003c04000 	/usr/lib/system/libsystem_platform.dylib
0x0000000003c04000 	/usr/lib/system/libsystem_pthread.dylib
0x0000000003c04000 	/usr/lib/system/libsystem_sandbox.dylib
0x0000000003c04000 	/usr/lib/system/libsystem_secinit.dylib
0x0000000003c04000 	/usr/lib/system/libsystem_stats.dylib
0x0000000003c04000 	/usr/lib/system/libsystem_trace.dylib
0x0000000003c04000 	/usr/lib/system/libunc.dylib
0x0000000003c04000 	/usr/lib/system/libunwind.dylib
0x0000000003c04000 	/usr/lib/system/libxpc.dylib
0x0000000003c04000 	/usr/lib/libbz2.1.0.dylib
0x0000000003c04000 	/usr/lib/liblzma.5.dylib
0x0000000003c04000 	/usr/lib/libbsm.0.dylib
0x0000000003c04000 	/usr/lib/libsqlite3.dylib
0x0000000003c04000 	/usr/lib/system/libkxld.dylib
0x0000000003c04000 	/usr/lib/libxar.1.dylib
0x0000000003c04000 	/usr/lib/libpam.2.dylib
0x0000000003c04000 	/usr/lib/libOpenScriptingUtil.dylib
0x0000000003c04000 	/System/Library/Frameworks/CoreServices.framework/Versions/A/Frameworks/FSEvents.framework/Versions/A/FSEvents
0x0000000003c04000 	/System/Library/Frameworks/CoreServices.framework/Versions/A/Frameworks/CarbonCore.framework/Versions/A/CarbonCore
0x0000000003c04000 	/System/Library/Frameworks/CoreServices.framework/Versions/A/Frameworks/Metadata.framework/Versions/A/Metadata
0x0000000003c04000 	/System/Library/Frameworks/CoreServices.framework/Versions/A/Frameworks/OSServices.framework/Versions/A/OSServices
0x0000000003c04000 	/System/Library/Frameworks/CoreServices.framework/Versions/A/Frameworks/SearchKit.framework/Versions/A/SearchKit
0x0000000003c04000 	/System/Library/Frameworks/CoreServices.framework/Versions/A/Frameworks/AE.framework/Versions/A/AE
0x0000000003c04000 	/System/Library/Frameworks/CoreServices.framework/Versions/A/Frameworks/LaunchServices.framework/Versions/A/LaunchServices
0x0000000003c04000 	/System/Library/Frameworks/CoreServices.framework/Versions/A/Frameworks/DictionaryServices.framework/Versions/A/DictionaryServices
0x0000000003c04000 	/System/Library/Frameworks/NetFS.framework/Versions/A/NetFS
0x0000000003c04000 	/System/Library/PrivateFrameworks/NetAuth.framework/Versions/A/NetAuth
0x0000000003c04000 	/System/Library/PrivateFrameworks/login.framework/Versions/A/Frameworks/loginsupport.framework/Versions/A/loginsupport
0x0000000003c04000 	/System/Library/PrivateFrameworks/TCC.framework/Versions/A/TCC
0x0000000003c04000 	/usr/lib/libmecabra.dylib
0x0000000003c04000 	/System/Library/Frameworks/ApplicationServices.framework/Versions/A/Frameworks/ATS.framework/Versions/A/ATS
0x0000000003c04000 	/System/Library/Frameworks/ApplicationServices.framework/Versions/A/Frameworks/ColorSync.framework/Versions/A/ColorSync
0x0000000003c04000 	/System/Library/Frameworks/ApplicationServices.framework/Versions/A/Frameworks/HIServices.framework/Versions/A/HIServices
0x0000000003c04000 	/System/Library/Frameworks/ApplicationServices.framework/Versions/A/Frameworks/LangAnalysis.framework/Versions/A/LangAnalysis
0x0000000003c04000 	/System/Library/Frameworks/ApplicationServices.framework/Versions/A/Frameworks/PrintCore.framework/Versions/A/PrintCore
0x0000000003c04000 	/System/Library/Frameworks/ApplicationServices.framework/Versions/A/Frameworks/QD.framework/Versions/A/QD
0x0000000003c04000 	/System/Library/Frameworks/ApplicationServices.framework/Versions/A/Frameworks/SpeechSynthesis.framework/Versions/A/SpeechSynthesis
0x0000000003c04000 	/System/Library/Frameworks/Accelerate.framework/Versions/A/Accelerate
0x0000000003c04000 	/System/Library/Frameworks/Accelerate.framework/Versions/A/Frameworks/vImage.framework/Versions/A/vImage
0x0000000003c04000 	/System/Library/Frameworks/Accelerate.framework/Versions/A/Frameworks/vecLib.framework/Versions/A/vecLib
0x0000000003c04000 	/System/Library/Frameworks/Accelerate.framework/Versions/A/Frameworks/vecLib.framework/Versions/A/libvDSP.dylib
0x0000000003c04000 	/System/Library/Frameworks/Accelerate.framework/Versions/A/Frameworks/vecLib.framework/Versions/A/libvMisc.dylib
0x0000000003c04000 	/System/Library/Frameworks/Accelerate.framework/Versions/A/Frameworks/vecLib.framework/Versions/A/libLAPACK.dylib
0x0000000003c04000 	/System/Library/Frameworks/Accelerate.framework/Versions/A/Frameworks/vecLib.framework/Versions/A/libBLAS.dylib
0x0000000003c04000 	/System/Library/Frameworks/Accelerate.framework/Versions/A/Frameworks/vecLib.framework/Versions/A/libLinearAlgebra.dylib
0x0000000003c04000 	/System/Library/Frameworks/ApplicationServices.framework/Versions/A/Frameworks/ATS.framework/Versions/A/Resources/libFontParser.dylib
0x0000000003c04000 	/System/Library/Frameworks/ApplicationServices.framework/Versions/A/Frameworks/ATS.framework/Versions/A/Resources/libFontRegistry.dylib
0x0000000003c04000 	/System/Library/PrivateFrameworks/AppleVPA.framework/Versions/A/AppleVPA
0x0000000003c04000 	/System/Library/PrivateFrameworks/AppleJPEG.framework/Versions/A/AppleJPEG
0x0000000003c04000 	/System/Library/Frameworks/ImageIO.framework/Versions/A/Resources/libJPEG.dylib
0x0000000003c04000 	/System/Library/Frameworks/ImageIO.framework/Versions/A/Resources/libTIFF.dylib
0x0000000003c04000 	/System/Library/Frameworks/ImageIO.framework/Versions/A/Resources/libPng.dylib
0x0000000003c04000 	/System/Library/Frameworks/ImageIO.framework/Versions/A/Resources/libGIF.dylib
0x0000000003c04000 	/System/Library/Frameworks/ImageIO.framework/Versions/A/Resources/libJP2.dylib
0x0000000003c04000 	/System/Library/Frameworks/ImageIO.framework/Versions/A/Resources/libRadiance.dylib
0x0000000003c04000 	/System/Library/Frameworks/CoreVideo.framework/Versions/A/CoreVideo
0x0000000003c04000 	/System/Library/Frameworks/OpenGL.framework/Versions/A/Libraries/libGLU.dylib
0x0000000003c04000 	/System/Library/Frameworks/OpenGL.framework/Versions/A/Libraries/libGFXShared.dylib
0x0000000003c04000 	/System/Library/Frameworks/OpenGL.framework/Versions/A/Libraries/libGL.dylib
0x0000000003c04000 	/System/Library/Frameworks/OpenGL.framework/Versions/A/Libraries/libGLImage.dylib
0x0000000003c04000 	/System/Library/Frameworks/OpenGL.framework/Versions/A/Libraries/libCVMSPluginSupport.dylib
0x0000000003c04000 	/System/Library/Frameworks/OpenGL.framework/Versions/A/Libraries/libCoreVMClient.dylib
0x0000000003c04000 	/usr/lib/libcups.2.dylib
0x0000000003c04000 	/System/Library/Frameworks/Kerberos.framework/Versions/A/Kerberos
0x0000000003c04000 	/System/Library/Frameworks/GSS.framework/Versions/A/GSS
0x0000000003c04000 	/usr/lib/libresolv.9.dylib
0x0000000003c04000 	/usr/lib/libiconv.2.dylib
0x0000000003c04000 	/System/Library/PrivateFrameworks/Heimdal.framework/Versions/A/Heimdal
0x0000000003c04000 	/usr/lib/libheimdal-asn1.dylib
0x0000000003c04000 	/System/Library/Frameworks/OpenDirectory.framework/Versions/A/OpenDirectory
0x0000000003c04000 	/System/Library/PrivateFrameworks/CommonAuth.framework/Versions/A/CommonAuth
0x0000000003c04000 	/System/Library/Frameworks/OpenDirectory.framework/Versions/A/Frameworks/CFOpenDirectory.framework/Versions/A/CFOpenDirectory
0x0000000003c04000 	/System/Library/Frameworks/SecurityFoundation.framework/Versions/A/SecurityFoundation
0x0000000003c04000 	/System/Library/PrivateFrameworks/LanguageModeling.framework/Versions/A/LanguageModeling
0x0000000003c04000 	/usr/lib/libcmph.dylib
0x0000000003c04000 	/System/Library/Frameworks/ServiceManagement.framework/Versions/A/ServiceManagement
0x0000000003c04000 	/usr/lib/libxslt.1.dylib
0x0000000003c04000 	/System/Library/Frameworks/Carbon.framework/Versions/A/Frameworks/Ink.framework/Versions/A/Ink
0x0000000003c04000 	/System/Library/Frameworks/QuartzCore.framework/Versions/A/Frameworks/CoreImage.framework/Versions/A/CoreImage
0x0000000003c04000 	/System/Library/PrivateFrameworks/CrashReporterSupport.framework/Versions/A/CrashReporterSupport
0x0000000003c04000 	/System/Library/Frameworks/OpenCL.framework/Versions/A/OpenCL
0x0000000003c04000 	/System/Library/PrivateFrameworks/FaceCore.framework/Versions/A/FaceCore
0x0000000003c04000 	/System/Library/PrivateFrameworks/Ubiquity.framework/Versions/A/Ubiquity
0x0000000003c04000 	/System/Library/PrivateFrameworks/IconServices.framework/Versions/A/IconServices
0x0000000003c04000 	/System/Library/PrivateFrameworks/ChunkingLibrary.framework/Versions/A/ChunkingLibrary
0x0000000003c04000 	/System/Library/PrivateFrameworks/Apple80211.framework/Versions/A/Apple80211
0x0000000003c04000 	/System/Library/Frameworks/CoreWLAN.framework/Versions/A/CoreWLAN
0x0000000003c04000 	/System/Library/Frameworks/IOBluetooth.framework/Versions/A/IOBluetooth
0x0000000003c04000 	/System/Library/PrivateFrameworks/CoreWiFi.framework/Versions/A/CoreWiFi
0x0000000003c04000 	/System/Library/Frameworks/CoreBluetooth.framework/Versions/A/CoreBluetooth
0x0000000003c04000 	/System/Library/PrivateFrameworks/DebugSymbols.framework/Versions/A/DebugSymbols
0x0000000003c04000 	/System/Library/PrivateFrameworks/CoreSymbolication.framework/Versions/A/CoreSymbolication
0x0000000003c04000 	/System/Library/PrivateFrameworks/Symbolication.framework/Versions/A/Symbolication
0x0000000003c04000 	/System/Library/PrivateFrameworks/SpeechRecognitionCore.framework/Versions/A/SpeechRecognitionCore
0x0000000102000000 	/Library/Java/JavaVirtualMachines/jdk1.8.0_60.jdk/Contents/Home/jre/lib/server/libjvm.dylib
0x0000000003c04000 	/usr/lib/libstdc++.6.dylib
0x00000001017bf000 	/Library/Java/JavaVirtualMachines/jdk1.8.0_60.jdk/Contents/Home/jre/lib/libverify.dylib
0x000000010308c000 	/Library/Java/JavaVirtualMachines/jdk1.8.0_60.jdk/Contents/Home/jre/lib/libjava.dylib
0x00000001030c1000 	/Library/Java/JavaVirtualMachines/jdk1.8.0_60.jdk/Contents/Home/jre/lib/libjdwp.dylib
0x00000001017ce000 	/Library/Java/JavaVirtualMachines/jdk1.8.0_60.jdk/Contents/Home/jre/lib/libnpt.dylib
0x00000001017db000 	/Library/Java/JavaVirtualMachines/jdk1.8.0_60.jdk/Contents/Home/jre/lib/libzip.dylib
0x00000001017e5000 	/System/Library/Frameworks/JavaVM.framework/Frameworks/JavaRuntimeSupport.framework/JavaRuntimeSupport
0x0000000119183000 	/System/Library/Frameworks/JavaVM.framework/Versions/A/Frameworks/JavaNativeFoundation.framework/Versions/A/JavaNativeFoundation
0x0000000119198000 	/System/Library/Frameworks/JavaVM.framework/Versions/A/JavaVM
0x0000000003c04000 	/System/Library/Frameworks/Carbon.framework/Versions/A/Carbon
0x00000001191a5000 	/System/Library/PrivateFrameworks/JavaLaunching.framework/Versions/A/JavaLaunching
0x0000000003c04000 	/System/Library/Frameworks/Carbon.framework/Versions/A/Frameworks/CommonPanels.framework/Versions/A/CommonPanels
0x0000000003c04000 	/System/Library/Frameworks/Carbon.framework/Versions/A/Frameworks/Help.framework/Versions/A/Help
0x0000000003c04000 	/System/Library/Frameworks/Carbon.framework/Versions/A/Frameworks/ImageCapture.framework/Versions/A/ImageCapture
0x0000000003c04000 	/System/Library/Frameworks/Carbon.framework/Versions/A/Frameworks/OpenScripting.framework/Versions/A/OpenScripting
0x0000000003c04000 	/System/Library/Frameworks/Carbon.framework/Versions/A/Frameworks/Print.framework/Versions/A/Print
0x0000000003c04000 	/System/Library/Frameworks/Carbon.framework/Versions/A/Frameworks/SecurityHI.framework/Versions/A/SecurityHI
0x000000011ab90000 	/Library/Java/JavaVirtualMachines/jdk1.8.0_60.jdk/Contents/Home/jre/lib/libdt_socket.dylib

VM Arguments:
jvm_args: -agentlib:jdwp=transport=dt_socket,address=127.0.0.1:53080,suspend=y,server=n -Dfile.encoding=UTF-8 
java_command: core.Runner
java_class_path (initial): /Library/Java/JavaVirtualMachines/jdk1.8.0_60.jdk/Contents/Home/lib/ant-javafx.jar:/Library/Java/JavaVirtualMachines/jdk1.8.0_60.jdk/Contents/Home/lib/dt.jar:/Library/Java/JavaVirtualMachines/jdk1.8.0_60.jdk/Contents/Home/lib/javafx-mx.jar:/Library/Java/JavaVirtualMachines/jdk1.8.0_60.jdk/Contents/Home/lib/jconsole.jar:/Library/Java/JavaVirtualMachines/jdk1.8.0_60.jdk/Contents/Home/lib/packager.jar:/Library/Java/JavaVirtualMachines/jdk1.8.0_60.jdk/Contents/Home/lib/sa-jdi.jar:/Library/Java/JavaVirtualMachines/jdk1.8.0_60.jdk/Contents/Home/lib/tools.jar:/Library/Java/JavaVirtualMachines/jdk1.8.0_60.jdk/Contents/Home/jre/lib/charsets.jar:/Library/Java/JavaVirtualMachines/jdk1.8.0_60.jdk/Contents/Home/jre/lib/deploy.jar:/Library/Java/JavaVirtualMachines/jdk1.8.0_60.jdk/Contents/Home/jre/lib/javaws.jar:/Library/Java/JavaVirtualMachines/jdk1.8.0_60.jdk/Contents/Home/jre/lib/jce.jar:/Library/Java/JavaVirtualMachines/jdk1.8.0_60.jdk/Contents/Home/jre/lib/jfr.jar:/Library/Java/JavaVirtualMachines/jdk1.8.0_60.jdk/Contents/Home/jre/lib/jfxswt.jar:/Library/Java/JavaVirtualMachines/jdk1.8.0_60.jdk/Contents/Home/jre/lib/jsse.jar:/Library/Java/JavaVirtualMachines/jdk1.8.0_60.jdk/Contents/Home/jre/lib/management-agent.jar:/Library/Java/JavaVirtualMachines/jdk1.8.0_60.jdk/Contents/Home/jre/lib/plugin.jar:/Library/Java/JavaVirtualMachines/jdk1.8.0_60.jdk/Contents/Home/jre/lib/resources.jar:/Library/Java/JavaVirtualMachines/jdk1.8.0_60.jdk/Contents/Home/jre/lib/rt.jar:/Library/Java/JavaVirtualMachines/jdk1.8.0_60.jdk/Contents/Home/jre/lib/ext/cldrdata.jar:/Library/Java/JavaVirtualMachines/jdk1.8.0_60.jdk/Contents/Home/jre/lib/ext/dnsns.jar:/Library/Java/JavaVirtualMachines/jdk1.8.0_60.jdk/Contents/Home/jre/lib/ext/jaccess.jar:/Library/Java/JavaVirtualMachines/jdk1.8.0_60.jdk/Contents/Home/jre/lib/ext/jfxrt.jar:/Library/Java/JavaVirtualMachines/jdk1.8.0_60.jdk/Contents/Home/jre/lib/ext/localedata.jar:/Library/Java/JavaVirtualMachines/jdk1.8.0_60.jdk/Conten
Launcher Type: SUN_STANDARD

Environment Variables:
PATH=/usr/local/bin:/usr/bin:/bin:/usr/sbin:/sbin
SHELL=/bin/bash

Signal Handlers:
SIGSEGV: [libjvm.dylib+0x5a6d31], sa_mask[0]=11111111011111110111111111111111, sa_flags=SA_ONSTACK|SA_RESTART|SA_SIGINFO
SIGBUS: [libjvm.dylib+0x5a6d31], sa_mask[0]=11111111011111110111111111111111, sa_flags=SA_RESTART|SA_SIGINFO
SIGFPE: [libjvm.dylib+0x480a4c], sa_mask[0]=11111111011111110111111111111111, sa_flags=SA_RESTART|SA_SIGINFO
SIGPIPE: [libjvm.dylib+0x480a4c], sa_mask[0]=11111111011111110111111111111111, sa_flags=SA_RESTART|SA_SIGINFO
SIGXFSZ: [libjvm.dylib+0x480a4c], sa_mask[0]=11111111011111110111111111111111, sa_flags=SA_RESTART|SA_SIGINFO
SIGILL: [libjvm.dylib+0x480a4c], sa_mask[0]=11111111011111110111111111111111, sa_flags=SA_RESTART|SA_SIGINFO
SIGUSR1: SIG_DFL, sa_mask[0]=00000000000000000000000000000000, sa_flags=none
SIGUSR2: [libjvm.dylib+0x48056a], sa_mask[0]=00100000000000000000000000000000, sa_flags=SA_RESTART|SA_SIGINFO
SIGHUP: [libjvm.dylib+0x47eb41], sa_mask[0]=11111111011111110111111111111111, sa_flags=SA_RESTART|SA_SIGINFO
SIGINT: [libjvm.dylib+0x47eb41], sa_mask[0]=11111111011111110111111111111111, sa_flags=SA_RESTART|SA_SIGINFO
SIGTERM: [libjvm.dylib+0x47eb41], sa_mask[0]=11111111011111110111111111111111, sa_flags=SA_RESTART|SA_SIGINFO
SIGQUIT: [libjvm.dylib+0x47eb41], sa_mask[0]=11111111011111110111111111111111, sa_flags=SA_RESTART|SA_SIGINFO


---------------  S Y S T E M  ---------------

OS:Bsduname:Darwin 14.4.0 Darwin Kernel Version 14.4.0: Thu May 28 11:35:04 PDT 2015; root:xnu-2782.30.5~1/RELEASE_X86_64 x86_64
rlimit: STACK 8192k, CORE 0k, NPROC 709, NOFILE 10240, AS infinity
load average:3.47 3.54 3.21

CPU:total 4 (2 cores per cpu, 2 threads per core) family 6 model 69 stepping 1, cmov, cx8, fxsr, mmx, sse, sse2, sse3, ssse3, sse4.1, sse4.2, popcnt, avx, avx2, aes, clmul, erms, lzcnt, ht, tsc, tscinvbit, bmi1, bmi2

Memory: 4k page, physical 8388608k(27668k free)

/proc/meminfo:


vm_info: Java HotSpot(TM) 64-Bit Server VM (25.60-b23) for bsd-amd64 JRE (1.8.0_60-b27), built on Aug  4 2015 10:47:24 by "java_re" with gcc 4.2.1 (Based on Apple Inc. build 5658) (LLVM build 2336.11.00)

time: Sun Sep  6 18:35:33 2015
elapsed time: 17558 seconds (0d 4h 52m 38s)

